Started GET "/" for 127.0.0.1 at 2018-01-12 14:30:02 +0200
Processing by Rails::WelcomeController#index as HTML
  Rendering /var/lib/gems/2.3.0/gems/railties-5.1.4/lib/rails/templates/rails/welcome/index.html.erb
  Rendered /var/lib/gems/2.3.0/gems/railties-5.1.4/lib/rails/templates/rails/welcome/index.html.erb (53.2ms)
Completed 200 OK in 1328ms (Views: 134.3ms)


  [1m[35m (386.1ms)[0m  [1m[35mCREATE TABLE "schema_migrations" ("version" character varying NOT NULL PRIMARY KEY)[0m
  [1m[35m (106.0ms)[0m  [1m[35mCREATE TABLE "ar_internal_metadata" ("key" character varying NOT NULL PRIMARY KEY, "value" character varying, "created_at" timestamp NOT NULL, "updated_at" timestamp NOT NULL)[0m
  [1m[35m (0.9ms)[0m  [1m[34mSELECT pg_try_advisory_lock(5396089536776303610)[0m
  [1m[35m (1.1ms)[0m  [1m[34mSELECT "schema_migrations"."version" FROM "schema_migrations" ORDER BY "schema_migrations"."version" ASC[0m
Migrating to CreateBlogs (20180112123642)
  [1m[35m (0.2ms)[0m  [1m[35mBEGIN[0m
  [1m[35m (122.7ms)[0m  [1m[35mCREATE TABLE "blogs" ("id" bigserial primary key, "title" character varying, "body" text, "created_at" timestamp NOT NULL, "updated_at" timestamp NOT NULL)[0m
  [1m[35mSQL (12.7ms)[0m  [1m[32mINSERT INTO "schema_migrations" ("version") VALUES ($1) RETURNING "version"[0m  [["version", "20180112123642"]]
  [1m[35m (5.1ms)[0m  [1m[35mCOMMIT[0m
  [1m[36mActiveRecord::InternalMetadata Load (0.6ms)[0m  [1m[34mSELECT  "ar_internal_metadata".* FROM "ar_internal_metadata" WHERE "ar_internal_metadata"."key" = $1 LIMIT $2[0m  [["key", "environment"], ["LIMIT", 1]]
  [1m[35m (0.2ms)[0m  [1m[35mBEGIN[0m
  [1m[35mSQL (0.8ms)[0m  [1m[32mINSERT INTO "ar_internal_metadata" ("key", "value", "created_at", "updated_at") VALUES ($1, $2, $3, $4) RETURNING "key"[0m  [["key", "environment"], ["value", "development"], ["created_at", "2018-01-12 13:23:43.726046"], ["updated_at", "2018-01-12 13:23:43.726046"]]
  [1m[35m (56.1ms)[0m  [1m[35mCOMMIT[0m
  [1m[35m (0.4ms)[0m  [1m[34mSELECT pg_advisory_unlock(5396089536776303610)[0m
  [1m[35m (0.5ms)[0m  [1m[34mSELECT "schema_migrations"."version" FROM "schema_migrations" ORDER BY "schema_migrations"."version" ASC[0m
Started GET "/blogs" for 127.0.0.1 at 2018-01-12 15:29:23 +0200
  [1m[35m (2.8ms)[0m  [1m[34mSELECT "schema_migrations"."version" FROM "schema_migrations" ORDER BY "schema_migrations"."version" ASC[0m
Processing by BlogsController#index as HTML
  Rendering blogs/index.html.erb within layouts/application
  [1m[36mBlog Load (1.0ms)[0m  [1m[34mSELECT "blogs".* FROM "blogs"[0m
  Rendered blogs/index.html.erb within layouts/application (15.4ms)
Completed 200 OK in 5092ms (Views: 5014.0ms | ActiveRecord: 3.6ms)


Started GET "/blogs/new" for 127.0.0.1 at 2018-01-12 15:29:40 +0200
Processing by BlogsController#new as HTML
  Rendering blogs/new.html.erb within layouts/application
  Rendered blogs/_form.html.erb (237.3ms)
  Rendered blogs/new.html.erb within layouts/application (241.9ms)
Completed 200 OK in 565ms (Views: 348.8ms | ActiveRecord: 5.9ms)


Started POST "/blogs" for 127.0.0.1 at 2018-01-12 15:29:49 +0200
Processing by BlogsController#create as HTML
  Parameters: {"utf8"=>"✓", "authenticity_token"=>"up1bP3ZXSqZVbf+4Nz1L/wkBPeoWkKBPNrMi4YPJFzhwQKq+auCrd05y4xecyxLP5Zp06eVUvi2d5XLPzXVwCg==", "blog"=>{"title"=>"lala", "body"=>"lalala laqlalalal"}, "commit"=>"Create Blog"}
  [1m[35m (0.3ms)[0m  [1m[35mBEGIN[0m
  [1m[35mSQL (170.0ms)[0m  [1m[32mINSERT INTO "blogs" ("title", "body", "created_at", "updated_at") VALUES ($1, $2, $3, $4) RETURNING "id"[0m  [["title", "lala"], ["body", "lalala laqlalalal"], ["created_at", "2018-01-12 13:29:49.715799"], ["updated_at", "2018-01-12 13:29:49.715799"]]
  [1m[35m (37.8ms)[0m  [1m[35mCOMMIT[0m
Redirected to http://localhost:3000/blogs/1
Completed 302 Found in 248ms (ActiveRecord: 208.0ms)


Started GET "/blogs/1" for 127.0.0.1 at 2018-01-12 15:29:50 +0200
Processing by BlogsController#show as HTML
  Parameters: {"id"=>"1"}
  [1m[36mBlog Load (0.8ms)[0m  [1m[34mSELECT  "blogs".* FROM "blogs" WHERE "blogs"."id" = $1 LIMIT $2[0m  [["id", 1], ["LIMIT", 1]]
  Rendering blogs/show.html.erb within layouts/application
  Rendered blogs/show.html.erb within layouts/application (1.7ms)
Completed 200 OK in 435ms (Views: 107.9ms | ActiveRecord: 3.8ms)


Started GET "/blogs" for 127.0.0.1 at 2018-01-12 15:29:58 +0200
Processing by BlogsController#index as HTML
  Rendering blogs/index.html.erb within layouts/application
  [1m[36mBlog Load (0.6ms)[0m  [1m[34mSELECT "blogs".* FROM "blogs"[0m
  Rendered blogs/index.html.erb within layouts/application (9.9ms)
Completed 200 OK in 125ms (Views: 121.8ms | ActiveRecord: 0.6ms)


